# JRE version: Java(TM) SE Runtime Environment (14.0.2+12) (build 14.0.2+12-46)
# Java VM: Java HotSpot(TM) 64-Bit Server VM (14.0.2+12-46, mixed mode, sharing, tiered, compressed oops, g1 gc, windows-amd64)
Heap:
 garbage-first heap   total 196608K, used 10795K [0x0000000761600000, 0x0000000800000000)
  region size 1024K, 5 young (5120K), 5 survivors (5120K)
 Metaspace       used 20482K, capacity 21159K, committed 21248K, reserved 1067008K
  class space    used 2495K, capacity 2779K, committed 2816K, reserved 1048576K
GC Heap History (9 events):
Event: 0.545 GC heap before
{Heap before GC invocations=0 (full 0):
 garbage-first heap   total 163840K, used 13312K [0x0000000761600000, 0x0000000800000000)
  region size 1024K, 13 young (13312K), 0 survivors (0K)
 Metaspace       used 5313K, capacity 5673K, committed 5888K, reserved 1056768K
  class space    used 604K, capacity 710K, committed 768K, reserved 1048576K
}
Event: 0.553 GC heap after
{Heap after GC invocations=1 (full 0):
 garbage-first heap   total 163840K, used 5932K [0x0000000761600000, 0x0000000800000000)
  region size 1024K, 2 young (2048K), 2 survivors (2048K)
 Metaspace       used 5313K, capacity 5673K, committed 5888K, reserved 1056768K
  class space    used 604K, capacity 710K, committed 768K, reserved 1048576K
}
Event: 0.726 GC heap before
{Heap before GC invocations=1 (full 0):
 garbage-first heap   total 163840K, used 15148K [0x0000000761600000, 0x0000000800000000)
  region size 1024K, 12 young (12288K), 2 survivors (2048K)
 Metaspace       used 7101K, capacity 7405K, committed 7680K, reserved 1056768K
  class space    used 805K, capacity 928K, committed 1024K, reserved 1048576K
}
Event: 0.729 GC heap after
{Heap after GC invocations=2 (full 0):
 garbage-first heap   total 163840K, used 6986K [0x0000000761600000, 0x0000000800000000)
  region size 1024K, 1 young (1024K), 1 survivors (1024K)
 Metaspace       used 7101K, capacity 7405K, committed 7680K, reserved 1056768K
  class space    used 805K, capacity 928K, committed 1024K, reserved 1048576K
}
Event: 1.227 GC heap before
{Heap before GC invocations=2 (full 0):
 garbage-first heap   total 163840K, used 31562K [0x0000000761600000, 0x0000000800000000)
  region size 1024K, 25 young (25600K), 1 survivors (1024K)
 Metaspace       used 10706K, capacity 11106K, committed 11264K, reserved 1058816K
  class space    used 1320K, capacity 1467K, committed 1536K, reserved 1048576K
}
Event: 1.234 GC heap after
{Heap after GC invocations=3 (full 0):
 garbage-first heap   total 163840K, used 7906K [0x0000000761600000, 0x0000000800000000)
  region size 1024K, 2 young (2048K), 2 survivors (2048K)
 Metaspace       used 10706K, capacity 11106K, committed 11264K, reserved 1058816K
  class space    used 1320K, capacity 1467K, committed 1536K, reserved 1048576K
}
Event: 2.107 GC heap before
{Heap before GC invocations=3 (full 0):
 garbage-first heap   total 163840K, used 103138K [0x0000000761600000, 0x0000000800000000)
  region size 1024K, 96 young (98304K), 2 survivors (2048K)
 Metaspace       used 18659K, capacity 19331K, committed 19456K, reserved 1067008K
  class space    used 2276K, capacity 2545K, committed 2560K, reserved 1048576K
}
Event: 2.112 GC heap after
{Heap after GC invocations=4 (full 0):
 garbage-first heap   total 163840K, used 10226K [0x0000000761600000, 0x0000000800000000)
  region size 1024K, 5 young (5120K), 5 survivors (5120K)
 Metaspace       used 18659K, capacity 19331K, committed 19456K, reserved 1067008K
  class space    used 2276K, capacity 2545K, committed 2560K, reserved 1048576K
}
Event: 2.621 GC heap before
{Heap before GC invocations=4 (full 0):
 garbage-first heap   total 163840K, used 33778K [0x0000000761600000, 0x0000000800000000)
  region size 1024K, 29 young (29696K), 5 survivors (5120K)
 Metaspace       used 20482K, capacity 21159K, committed 21248K, reserved 1067008K
  class space    used 2495K, capacity 2779K, committed 2816K, reserved 1048576K
}

